<?xml version="1.0" encoding="UTF-8"?>
<testng-results ignored="0" total="2" passed="2" failed="0" skipped="0">
  <reporter-output>
  </reporter-output>
  <suite started-at="2022-08-03T20:57:16 IST" name="InetBankingV1" finished-at="2022-08-03T21:01:10 IST" duration-ms="233618">
    <groups>
    </groups>
    <test started-at="2022-08-03T20:57:16 IST" name="BankingApp Test" finished-at="2022-08-03T21:01:10 IST" duration-ms="233618">
      <class name="com.inetBanking.testCase.TC_AddCustomer_003">
        <test-method is-config="true" signature="setUp(java.lang.String)[pri:0, instance:com.inetBanking.testCase.TC_AddCustomer_003@2f67b837]" started-at="2022-08-03T20:59:21 IST" name="setUp" finished-at="2022-08-03T21:00:14 IST" duration-ms="52466" status="PASS">
          <params>
            <param index="0">
              <value>
                <![CDATA[chrome]]>
              </value>
            </param>
          </params>
          <reporter-output>
          </reporter-output>
        </test-method> <!-- setUp -->
        <test-method signature="addNewCust()[pri:0, instance:com.inetBanking.testCase.TC_AddCustomer_003@2f67b837]" started-at="2022-08-03T21:00:14 IST" name="addNewCust" finished-at="2022-08-03T21:01:08 IST" duration-ms="54729" status="PASS">
          <reporter-output>
          </reporter-output>
        </test-method> <!-- addNewCust -->
        <test-method is-config="true" signature="tearDown()[pri:0, instance:com.inetBanking.testCase.TC_AddCustomer_003@2f67b837]" started-at="2022-08-03T21:01:08 IST" name="tearDown" finished-at="2022-08-03T21:01:10 IST" duration-ms="1796" status="PASS">
          <reporter-output>
          </reporter-output>
        </test-method> <!-- tearDown -->
      </class> <!-- com.inetBanking.testCase.TC_AddCustomer_003 -->
      <class name="com.inetBanking.testCase.TC_LoginPage_001">
        <test-method is-config="true" signature="setUp(java.lang.String)[pri:0, instance:com.inetBanking.testCase.TC_LoginPage_001@67545b57]" started-at="2022-08-03T20:57:17 IST" name="setUp" finished-at="2022-08-03T20:58:47 IST" duration-ms="90623" status="PASS">
          <params>
            <param index="0">
              <value>
                <![CDATA[chrome]]>
              </value>
            </param>
          </params>
          <reporter-output>
          </reporter-output>
        </test-method> <!-- setUp -->
        <test-method signature="loginTest()[pri:0, instance:com.inetBanking.testCase.TC_LoginPage_001@67545b57]" started-at="2022-08-03T20:58:47 IST" name="loginTest" finished-at="2022-08-03T20:59:17 IST" duration-ms="29476" status="PASS">
          <reporter-output>
          </reporter-output>
        </test-method> <!-- loginTest -->
        <test-method is-config="true" signature="tearDown()[pri:0, instance:com.inetBanking.testCase.TC_LoginPage_001@67545b57]" started-at="2022-08-03T20:59:17 IST" name="tearDown" finished-at="2022-08-03T20:59:21 IST" duration-ms="4419" status="PASS">
          <reporter-output>
          </reporter-output>
        </test-method> <!-- tearDown -->
      </class> <!-- com.inetBanking.testCase.TC_LoginPage_001 -->
    </test> <!-- BankingApp Test -->
  </suite> <!-- InetBankingV1 -->
</testng-results>
